[2022-02-21T15:34:43.980Z] Validating found git in: git
[2022-02-21T15:34:44.094Z] Using git 2.35.1 from git
[2022-02-21T15:40:04.152Z] > git rev-parse --git-dir [5ms]
[2022-02-21T15:40:04.190Z] Open repository: /home/rootr/.dotfiles
[2022-02-21T15:40:04.357Z] > git symbolic-ref --short HEAD [16ms]
[2022-02-21T15:40:04.455Z] > git for-each-ref --format=%(refname)%00%(upstream:short)%00%(objectname)%00%(upstream:track) refs/heads/primary refs/remotes/primary [51ms]
[2022-02-21T15:40:04.560Z] > git remote --verbose [44ms]
[2022-02-21T15:40:04.563Z] > git for-each-ref --sort -committerdate --format %(refname) %(objectname) %(*objectname) [77ms]
[2022-02-21T15:40:05.697Z] > git config --get commit.template [119ms]
[2022-02-21T15:40:05.856Z] > git ls-files --stage -- /home/rootr/.dotfiles/bin/ssh-list-hosts [12ms]
[2022-02-21T15:40:05.887Z] > git cat-file -s 2a58da6c263e5cfc3f2800a8e52db0ec0f2588af [10ms]
[2022-02-21T15:40:13.893Z] > git ls-files --stage -- /home/rootr/.dotfiles/bin/ssh-list-hosts [23ms]
[2022-02-21T15:40:13.935Z] > git cat-file -s 2a58da6c263e5cfc3f2800a8e52db0ec0f2588af [5ms]
[2022-02-21T15:40:34.847Z] > git ls-files --stage -- /home/rootr/.dotfiles/bin/ssh-list-hosts [7ms]
[2022-02-21T15:40:34.893Z] > git cat-file -s 2a58da6c263e5cfc3f2800a8e52db0ec0f2588af [8ms]
[2022-02-21T15:45:22.677Z] > git symbolic-ref --short HEAD [6ms]
[2022-02-21T15:45:22.708Z] > git for-each-ref --format=%(refname)%00%(upstream:short)%00%(objectname)%00%(upstream:track) refs/heads/primary refs/remotes/primary [6ms]
[2022-02-21T15:45:22.751Z] > git for-each-ref --sort -committerdate --format %(refname) %(objectname) %(*objectname) [24ms]
[2022-02-21T15:45:22.756Z] > git remote --verbose [11ms]
[2022-02-21T15:45:22.845Z] > git config --get commit.template [4ms]
[2022-02-21T15:45:51.367Z] > git symbolic-ref --short HEAD [6ms]
[2022-02-21T15:45:51.405Z] > git for-each-ref --format=%(refname)%00%(upstream:short)%00%(objectname)%00%(upstream:track) refs/heads/primary refs/remotes/primary [6ms]
[2022-02-21T15:45:51.438Z] > git for-each-ref --sort -committerdate --format %(refname) %(objectname) %(*objectname) [18ms]
[2022-02-21T15:45:51.440Z] > git remote --verbose [5ms]
[2022-02-21T15:45:51.513Z] > git config --get commit.template [2ms]
[2022-02-21T15:56:14.050Z] > git ls-files --stage -- /home/rootr/.dotfiles/bin/ssh-list-hosts [10ms]
[2022-02-21T15:56:14.086Z] > git cat-file -s 2a58da6c263e5cfc3f2800a8e52db0ec0f2588af [5ms]
[2022-02-21T16:01:23.433Z] > git ls-files --stage -- /home/rootr/.dotfiles/bin/jamf-log [7ms]
[2022-02-21T16:01:23.466Z] > git cat-file -s a938353a0280a5e4a5d73444e7fe41c558eefac3 [9ms]
[2022-02-21T16:01:32.152Z] > git ls-files --stage -- /home/rootr/.dotfiles/bin/ssh-list-hosts [7ms]
[2022-02-21T16:01:32.178Z] > git cat-file -s 2a58da6c263e5cfc3f2800a8e52db0ec0f2588af [6ms]
[2022-02-21T16:01:51.158Z] > git ls-files --stage -- /home/rootr/.dotfiles/bin/jamf-log [2ms]
[2022-02-21T16:01:51.200Z] > git cat-file -s a938353a0280a5e4a5d73444e7fe41c558eefac3 [6ms]
[2022-02-21T16:01:58.445Z] > git ls-files --stage -- /home/rootr/.dotfiles/bin/ssh-list-hosts [7ms]
[2022-02-21T16:01:58.470Z] > git cat-file -s 2a58da6c263e5cfc3f2800a8e52db0ec0f2588af [5ms]
[2022-02-21T16:10:04.077Z] > git symbolic-ref --short HEAD [5ms]
[2022-02-21T16:10:04.130Z] > git for-each-ref --format=%(refname)%00%(upstream:short)%00%(objectname)%00%(upstream:track) refs/heads/primary refs/remotes/primary [7ms]
[2022-02-21T16:10:04.250Z] > git for-each-ref --sort -committerdate --format %(refname) %(objectname) %(*objectname) [89ms]
[2022-02-21T16:10:04.257Z] > git remote --verbose [56ms]
[2022-02-21T16:10:04.260Z] > git ls-files --stage -- /home/rootr/.dotfiles/bin/ssh-list-hosts [13ms]
[2022-02-21T16:10:04.351Z] > git cat-file -s 2a58da6c263e5cfc3f2800a8e52db0ec0f2588af [67ms]
[2022-02-21T16:10:04.354Z] > git config --get commit.template [6ms]
[2022-02-21T16:10:05.377Z] > git ls-files --stage -- /home/rootr/.dotfiles/bin/ssh-list-hosts [6ms]
[2022-02-21T16:10:05.400Z] > git cat-file -s 2a58da6c263e5cfc3f2800a8e52db0ec0f2588af [5ms]
[2022-02-21T16:10:11.918Z] > git ls-files --stage -- /home/rootr/.dotfiles/bin/connect-wpa [7ms]
[2022-02-21T16:10:11.945Z] > git cat-file -s e47b0b7b4939f2bb39eba630b871ef7299c47a70 [2ms]
[2022-02-21T16:10:15.366Z] > git ls-files --stage -- /home/rootr/.dotfiles/bin/ssh-list-hosts [10ms]
[2022-02-21T16:10:15.405Z] > git cat-file -s 2a58da6c263e5cfc3f2800a8e52db0ec0f2588af [8ms]
[2022-02-21T16:10:25.670Z] > git log --format=%H%n%aN%n%aE%n%at%n%ct%n%P%n%B -z -n21 -- /home/rootr/.dotfiles/bin/ssh-list-hosts [12ms]
[2022-02-21T16:10:34.923Z] > git ls-files --stage -- /home/rootr/.dotfiles/bin/jamf-log [6ms]
[2022-02-21T16:10:34.947Z] > git cat-file -s a938353a0280a5e4a5d73444e7fe41c558eefac3 [5ms]
[2022-02-21T16:10:48.287Z] > git ls-files --stage -- /home/rootr/.dotfiles/bin/connect-wpa [7ms]
[2022-02-21T16:10:48.316Z] > git cat-file -s e47b0b7b4939f2bb39eba630b871ef7299c47a70 [5ms]
