[2022-02-21T22:37:22.419Z] Validating found git in: git
[2022-02-21T22:37:22.548Z] Using git 2.35.1 from git
[2022-02-21T22:37:22.751Z] > git rev-parse --git-dir [9ms]
[2022-02-21T22:37:22.825Z] Open repository: /home/rootr/.dotfiles
[2022-02-21T22:37:23.503Z] > git symbolic-ref --short HEAD [64ms]
[2022-02-21T22:37:23.750Z] > git for-each-ref --format=%(refname)%00%(upstream:short)%00%(objectname)%00%(upstream:track) refs/heads/primary refs/remotes/primary [211ms]
[2022-02-21T22:37:23.978Z] > git remote --verbose [180ms]
[2022-02-21T22:37:23.980Z] > git for-each-ref --sort -committerdate --format %(refname) %(objectname) %(*objectname) [199ms]
[2022-02-21T22:37:24.093Z] > git config --get commit.template [20ms]
[2022-02-21T22:37:29.063Z] > git symbolic-ref --short HEAD [28ms]
[2022-02-21T22:37:29.082Z] > git for-each-ref --format=%(refname)%00%(upstream:short)%00%(objectname)%00%(upstream:track) refs/heads/primary refs/remotes/primary [5ms]
[2022-02-21T22:37:29.117Z] > git for-each-ref --sort -committerdate --format %(refname) %(objectname) %(*objectname) [18ms]
[2022-02-21T22:37:29.120Z] > git remote --verbose [7ms]
[2022-02-21T22:37:30.236Z] > git config --get commit.template [995ms]
[2022-02-21T22:37:38.202Z] > git symbolic-ref --short HEAD [10ms]
[2022-02-21T22:37:38.231Z] > git for-each-ref --format=%(refname)%00%(upstream:short)%00%(objectname)%00%(upstream:track) refs/heads/primary refs/remotes/primary [7ms]
[2022-02-21T22:37:38.265Z] > git for-each-ref --sort -committerdate --format %(refname) %(objectname) %(*objectname) [18ms]
[2022-02-21T22:37:38.267Z] > git remote --verbose [5ms]
[2022-02-21T22:37:38.315Z] > git config --get commit.template [6ms]
[2022-02-21T22:37:49.795Z] > git symbolic-ref --short HEAD [6ms]
[2022-02-21T22:37:49.817Z] > git for-each-ref --format=%(refname)%00%(upstream:short)%00%(objectname)%00%(upstream:track) refs/heads/primary refs/remotes/primary [6ms]
[2022-02-21T22:37:49.865Z] > git for-each-ref --sort -committerdate --format %(refname) %(objectname) %(*objectname) [28ms]
[2022-02-21T22:37:49.867Z] > git remote --verbose [8ms]
[2022-02-21T22:37:49.931Z] > git config --get commit.template [3ms]
